<?xml version="1.0" encoding="UTF-8"?>
<!-- Generated by org.testng.reporters.JUnitXMLReporter -->
<testsuite ignored="0" hostname="Karthick-Hariharan" failures="0" tests="4" name="Default test" time="33.413" errors="0" timestamp="2020-07-19T11:39:02 IST">
  <testcase classname="first.Homepage" name="basePage" time="11.827"/>
  <testcase classname="first.Homepage" name="basePage" time="9.773"/>
  <testcase classname="first.Homepage" name="basePage" time="10.538"/>
  <testcase classname="first.Homepage" name="forgottenAccountPage" time="1.224"/>
</testsuite> <!-- Default test -->
