<?xml version="1.0" encoding="UTF-8"?>
<!-- Generated by org.testng.reporters.JUnitXMLReporter -->
<testsuite ignored="0" hostname="Karthick-Hariharan" failures="0" tests="4" name="Test" time="19.496" errors="0" timestamp="2020-07-19T12:15:02 IST">
  <testcase classname="first.Homepage" name="basePage" time="2.021"/>
  <testcase classname="first.Homepage" name="basePage" time="2.128"/>
  <testcase classname="first.Homepage" name="basePage" time="1.636"/>
  <testcase classname="first.Homepage" name="forgottenAccountPage" time="1.117"/>
</testsuite> <!-- Test -->
