<?xml version="1.0" encoding="UTF-8"?>
<!-- Generated by org.testng.reporters.JUnitXMLReporter -->
<testsuite ignored="0" hostname="Karthick-Hariharan" failures="0" tests="4" name="Home Page" time="17.873" errors="0" timestamp="2020-07-21T20:02:09 IST">
  <testcase classname="first.Homepage" name="basePage" time="2.315"/>
  <testcase classname="first.Homepage" name="basePage" time="2.121"/>
  <testcase classname="first.Homepage" name="basePage" time="1.646"/>
  <testcase classname="first.Homepage" name="forgottenAccountPage" time="0.947"/>
</testsuite> <!-- Home Page -->
