<?xml version="1.0" encoding="UTF-8"?>
<!-- Generated by org.testng.reporters.JUnitXMLReporter -->
<testsuite ignored="0" hostname="Karthick-Hariharan" failures="0" tests="4" name="Home Page" time="0.09" errors="0" timestamp="2020-07-21T19:16:57 IST">
  <testcase classname="first.Homepage" name="@BeforeTest initialize" time="0.009">
    <failure type="java.lang.NullPointerException">
      <![CDATA[java.lang.NullPointerException
at first.Base.initializeDriver(Base.java:41)
at first.Homepage.initialize(Homepage.java:25)
... Removed 24 stack frames]]>
    </failure>
  </testcase> <!-- @BeforeTest initialize -->
  <testcase classname="first.Homepage" name="@AfterTest driverClose" time="-1.595339217099E9">
    <skipped/>
  </testcase> <!-- @AfterTest driverClose -->
  <testcase classname="first.Homepage" name="basePage" time="0.0">
    <skipped/>
  </testcase> <!-- basePage -->
  <testcase classname="first.Homepage" name="basePage" time="0.0">
    <skipped/>
  </testcase> <!-- basePage -->
  <testcase classname="first.Homepage" name="basePage" time="0.0">
    <skipped/>
  </testcase> <!-- basePage -->
  <testcase classname="first.Homepage" name="forgottenAccountPage" time="0.0">
    <skipped/>
  </testcase> <!-- forgottenAccountPage -->
</testsuite> <!-- Home Page -->
