<?xml version="1.0" encoding="UTF-8"?>
<testng-results ignored="0" total="4" passed="4" failed="0" skipped="0">
  <reporter-output>
  </reporter-output>
  <suite started-at="2020-07-21T20:01:51 IST" name="Facebook" finished-at="2020-07-21T20:02:09 IST" duration-ms="17873">
    <groups>
    </groups>
    <test started-at="2020-07-21T20:01:51 IST" name="Home Page" finished-at="2020-07-21T20:02:09 IST" duration-ms="17873">
      <class name="first.Homepage">
        <test-method is-config="true" signature="initialize()[pri:0, instance:first.Homepage@2c5529ab]" started-at="2020-07-21T20:01:51 IST" name="initialize" finished-at="2020-07-21T20:02:02 IST" duration-ms="10710" status="PASS">
          <reporter-output>
          </reporter-output>
        </test-method> <!-- initialize -->
        <test-method signature="basePage(java.lang.String, java.lang.String)[pri:0, instance:first.Homepage@2c5529ab]" started-at="2020-07-21T20:02:02 IST" name="basePage" data-provider="getCredentials" finished-at="2020-07-21T20:02:04 IST" duration-ms="2315" status="PASS">
          <params>
            <param index="0">
              <value>
                <![CDATA[mailid01@gmail.com]]>
              </value>
            </param>
            <param index="1">
              <value>
                <![CDATA[password01]]>
              </value>
            </param>
          </params>
          <reporter-output>
          </reporter-output>
        </test-method> <!-- basePage -->
        <test-method signature="basePage(java.lang.String, java.lang.String)[pri:0, instance:first.Homepage@2c5529ab]" started-at="2020-07-21T20:02:04 IST" name="basePage" data-provider="getCredentials" finished-at="2020-07-21T20:02:06 IST" duration-ms="2121" status="PASS">
          <params>
            <param index="0">
              <value>
                <![CDATA[mailid02@gmail.com]]>
              </value>
            </param>
            <param index="1">
              <value>
                <![CDATA[password02]]>
              </value>
            </param>
          </params>
          <reporter-output>
          </reporter-output>
        </test-method> <!-- basePage -->
        <test-method signature="basePage(java.lang.String, java.lang.String)[pri:0, instance:first.Homepage@2c5529ab]" started-at="2020-07-21T20:02:06 IST" name="basePage" data-provider="getCredentials" finished-at="2020-07-21T20:02:08 IST" duration-ms="1646" status="PASS">
          <params>
            <param index="0">
              <value>
                <![CDATA[mailid03@gmail.com]]>
              </value>
            </param>
            <param index="1">
              <value>
                <![CDATA[password03]]>
              </value>
            </param>
          </params>
          <reporter-output>
          </reporter-output>
        </test-method> <!-- basePage -->
        <test-method signature="forgottenAccountPage(java.lang.String)[pri:0, instance:first.Homepage@2c5529ab]" started-at="2020-07-21T20:02:08 IST" name="forgottenAccountPage" data-provider="getPhoneNumber" finished-at="2020-07-21T20:02:09 IST" duration-ms="947" status="PASS">
          <params>
            <param index="0">
              <value>
                <![CDATA[9176264227]]>
              </value>
            </param>
          </params>
          <reporter-output>
          </reporter-output>
        </test-method> <!-- forgottenAccountPage -->
        <test-method is-config="true" signature="driverClose()[pri:0, instance:first.Homepage@2c5529ab]" started-at="2020-07-21T20:02:09 IST" name="driverClose" finished-at="2020-07-21T20:02:09 IST" duration-ms="88" status="PASS">
          <reporter-output>
          </reporter-output>
        </test-method> <!-- driverClose -->
      </class> <!-- first.Homepage -->
    </test> <!-- Home Page -->
  </suite> <!-- Facebook -->
</testng-results>
